Job 1:
Failures:
[ERROR]   FlakyTests.timingFlake:13 expected [true] but found [false]
[ERROR]   OrderDependentTests.step2:18 expected [true] but found [false]
[ERROR]   ResourceContention.cpuSensitiveTest:22 Took too long: 102ms expected [true] but found [false]
[INFO]
[ERROR] Tests run: 9, Failures: 3, Errors: 0, Skipped: 0

Failures:
[ERROR]   FlakyTests.randomFlake:19 expected [true] but found [false]
[ERROR]   FlakyTests.timingFlake:13 expected [true] but found [false]
[ERROR]   OrderDependentTests.step2:18 expected [true] but found [false]
[INFO]
[ERROR] Tests run: 9, Failures: 3, Errors: 0, Skipped: 0

Failures:
[ERROR]   FlakyTests.timingFlake:13 expected [true] but found [false]
[ERROR]   OrderDependentTests.step2:18 expected [true] but found [false]
[INFO]
[ERROR] Tests run: 9, Failures: 2, Errors: 0, Skipped: 0

Failures:
[ERROR]   FlakyTests.randomFlake:19 expected [true] but found [false]
[ERROR]   FlakyTests.timingFlake:13 expected [true] but found [false]
[ERROR]   OrderDependentTests.step2:18 expected [true] but found [false]
[ERROR]   ResourceContention.cpuSensitiveTest:22 Took too long: 102ms expected [true] but found [false]
[INFO]
[ERROR] Tests run: 9, Failures: 4, Errors: 0, Skipped: 0

Failures:
[ERROR]   OrderDependentTests.step2:18 expected [true] but found [false]
[ERROR]   ResourceContention.cpuSensitiveTest:22 Took too long: 100ms expected [true] but found [false]
[INFO]
[ERROR] Tests run: 9, Failures: 2, Errors: 0, Skipped: 0

